<?xml version="1.0" encoding="UTF-8"?>
<!-- Generated by org.testng.reporters.JUnitXMLReporter -->
<testsuite ignored="2" hostname="Raksha" failures="0" tests="2" name="Test" time="0.183" errors="0" timestamp="2022-04-08T02:50:14 PDT">
  <testcase classname="com.crm.grnericUtility.BaseClass" name="@BeforeClass launchBrowser" time="-1.649411414638E9">
    <failure type="org.testng.TestNGException" message="
Parameter &amp;apos;browser&amp;apos; is required by BeforeClass on method launchBrowser but has not been marked @Optional or defined
in E:\SDET33\SDET33\testng_listener.xml">
      <![CDATA[org.testng.TestNGException: 
Parameter 'browser' is required by BeforeClass on method launchBrowser but has not been marked @Optional or defined
in E:\SDET33\SDET33\testng_listener.xml
at java.base/java.util.ArrayList.forEach(ArrayList.java:1511)
... Removed 22 stack frames]]>
    </failure>
  </testcase> <!-- @BeforeClass launchBrowser -->
  <testcase classname="com.crm.grnericUtility.BaseClass" name="@BeforeMethod loginToApplication" time="-1.6494114147E9">
    <skipped/>
  </testcase> <!-- @BeforeMethod loginToApplication -->
  <testcase classname="com.crm.grnericUtility.BaseClass" name="@AfterMethod logoutFromApplication" time="-1.649411414728E9">
    <skipped/>
  </testcase> <!-- @AfterMethod logoutFromApplication -->
  <testcase classname="com.crm.grnericUtility.BaseClass" name="@AfterClass closeBrowser" time="-1.649411414737E9">
    <skipped/>
  </testcase> <!-- @AfterClass closeBrowser -->
  <testcase classname="com.crm.grnericUtility.BaseClass" name="@BeforeClass launchBrowser" time="-1.649411414746E9">
    <failure type="org.testng.TestNGException" message="
Parameter &amp;apos;browser&amp;apos; is required by BeforeClass on method launchBrowser but has not been marked @Optional or defined
in E:\SDET33\SDET33\testng_listener.xml">
      <![CDATA[org.testng.TestNGException: 
Parameter 'browser' is required by BeforeClass on method launchBrowser but has not been marked @Optional or defined
in E:\SDET33\SDET33\testng_listener.xml
at java.base/java.util.ArrayList.forEach(ArrayList.java:1511)
... Removed 22 stack frames]]>
    </failure>
  </testcase> <!-- @BeforeClass launchBrowser -->
  <testcase classname="com.crm.grnericUtility.BaseClass" name="@BeforeMethod loginToApplication" time="-1.649411414756E9">
    <skipped/>
  </testcase> <!-- @BeforeMethod loginToApplication -->
  <testcase classname="com.crm.grnericUtility.BaseClass" name="@AfterMethod logoutFromApplication" time="-1.649411414776E9">
    <skipped/>
  </testcase> <!-- @AfterMethod logoutFromApplication -->
  <testcase classname="com.crm.grnericUtility.BaseClass" name="@AfterClass closeBrowser" time="-1.649411414781E9">
    <skipped/>
  </testcase> <!-- @AfterClass closeBrowser -->
  <testcase classname="com.crm.lead.CreateLeadTest" name="createLeadTest" time="0.0">
    <skipped/>
  </testcase> <!-- createLeadTest -->
  <testcase classname="com.crm.organization.CreateOrganizationTest" name="createOrganizationTest" time="0.0">
    <skipped/>
  </testcase> <!-- createOrganizationTest -->
  <testcase classname="com.crm.grnericUtility.BaseClass" name="@BeforeSuite openDatabase" time="0.0">
    <ignored/>
  </testcase> <!-- @BeforeSuite openDatabase -->
  <testcase classname="com.crm.grnericUtility.BaseClass" name="@AfterSuite CloseDBConnection" time="0.0">
    <ignored/>
  </testcase> <!-- @AfterSuite CloseDBConnection -->
</testsuite> <!-- Test -->
