<?xml version="1.0" encoding="UTF-8"?>
<!-- Generated by org.testng.reporters.JUnitXMLReporter -->
<testsuite hostname="Raksha" ignored="8" name="Command line test" tests="6" failures="1" timestamp="12 Apr 2022 08:08:21 GMT" time="413.042" errors="0">
  <testcase name="createContactTest" time="125.005" classname="com.crm.contacts.CreateContactTest"/>
  <testcase name="createLeadTest" time="38.664" classname="com.crm.lead.CreateLeadTest"/>
  <testcase name="deekshaTest" time="0.001" classname="com.crm.practice.PracticeTest"/>
  <testcase name="rakshaTest" time="0.001" classname="com.crm.practice.PracticeTest"/>
  <testcase name="createOpportunityTest" time="28.603" classname="com.crm.opportunity.CreateOpportunityTest">
    <failure type="java.lang.IllegalArgumentException" message="Keys to send should be a not null CharSequence">
      <![CDATA[java.lang.IllegalArgumentException: Keys to send should be a not null CharSequence
at org.openqa.selenium.remote.RemoteWebElement.sendKeys(RemoteWebElement.java:97)
at org.openqa.selenium.support.pagefactory.internal.LocatingElementHandler.invoke(LocatingElementHandler.java:51)
at com.sun.proxy.$Proxy12.sendKeys(Unknown Source)
at com.crm.objectRepository.CreatingNewOpportunityPage.enteroppname(CreatingNewOpportunityPage.java:52)
at com.crm.opportunity.CreateOpportunityTest.createOpportunityTest(CreateOpportunityTest.java:36)
... Removed 39 stack frames]]>
    </failure>
  </testcase> <!-- createOpportunityTest -->
  <testcase name="createOrganizationTest" time="34.016" classname="com.crm.organization.CreateOrganizationTest"/>
  <testcase name="@BeforeSuite openDatabase" time="0.0" classname="com.crm.grnericUtility.BaseClass">
    <ignored/>
  </testcase> <!-- @BeforeSuite openDatabase -->
  <testcase name="@BeforeSuite openDatabase" time="0.0" classname="com.crm.grnericUtility.BaseClass">
    <ignored/>
  </testcase> <!-- @BeforeSuite openDatabase -->
  <testcase name="@BeforeSuite openDatabase" time="0.0" classname="com.crm.grnericUtility.BaseClass">
    <ignored/>
  </testcase> <!-- @BeforeSuite openDatabase -->
  <testcase name="@BeforeSuite openDatabase" time="0.0" classname="com.crm.grnericUtility.BaseClass">
    <ignored/>
  </testcase> <!-- @BeforeSuite openDatabase -->
  <testcase name="@AfterSuite CloseDBConnection" time="0.0" classname="com.crm.grnericUtility.BaseClass">
    <ignored/>
  </testcase> <!-- @AfterSuite CloseDBConnection -->
  <testcase name="@AfterSuite CloseDBConnection" time="0.0" classname="com.crm.grnericUtility.BaseClass">
    <ignored/>
  </testcase> <!-- @AfterSuite CloseDBConnection -->
  <testcase name="@AfterSuite CloseDBConnection" time="0.0" classname="com.crm.grnericUtility.BaseClass">
    <ignored/>
  </testcase> <!-- @AfterSuite CloseDBConnection -->
  <testcase name="@AfterSuite CloseDBConnection" time="0.0" classname="com.crm.grnericUtility.BaseClass">
    <ignored/>
  </testcase> <!-- @AfterSuite CloseDBConnection -->
</testsuite> <!-- Command line test -->
