<?xml version="1.0" encoding="UTF-8"?>
<testng-results skipped="0" failed="1" ignored="8" total="14" passed="5">
  <reporter-output>
    <line>
      <![CDATA[testng]]>
    </line>
    <line>
      <![CDATA[Bye]]>
    </line>
    <line>
      <![CDATA[Hi]]>
    </line>
    <line>
      <![CDATA[Organization created Successfully]]>
    </line>
    <line>
      <![CDATA[testyantra]]>
    </line>
  </reporter-output>
  <suite name="Command line suite" duration-ms="413042" started-at="2022-04-12T08:01:26Z" finished-at="2022-04-12T08:08:19Z">
    <groups>
    </groups>
    <test name="Command line test" duration-ms="413042" started-at="2022-04-12T08:01:26Z" finished-at="2022-04-12T08:08:19Z">
      <class name="com.crm.contacts.CreateContactTest">
        <test-method status="PASS" signature="openDatabase()[pri:0, instance:com.crm.contacts.CreateContactTest@215be6bb]" name="openDatabase" is-config="true" duration-ms="6044" started-at="2022-04-12T08:01:19Z" finished-at="2022-04-12T08:01:26Z">
          <reporter-output>
          </reporter-output>
        </test-method> <!-- openDatabase -->
        <test-method status="PASS" signature="rakshitaTest()[pri:0, instance:com.crm.practice.PracticeTest@4439f31e]" name="rakshitaTest" is-config="true" duration-ms="0" started-at="2022-04-12T08:01:26Z" finished-at="2022-04-12T08:01:26Z">
          <reporter-output>
            <line>
              <![CDATA[testng]]>
            </line>
          </reporter-output>
        </test-method> <!-- rakshitaTest -->
        <test-method status="PASS" signature="launchBrowser()[pri:0, instance:com.crm.contacts.CreateContactTest@215be6bb]" name="launchBrowser" is-config="true" duration-ms="27520" started-at="2022-04-12T08:01:26Z" finished-at="2022-04-12T08:01:53Z">
          <reporter-output>
          </reporter-output>
        </test-method> <!-- launchBrowser -->
        <test-method status="PASS" signature="loginToApplication()[pri:0, instance:com.crm.contacts.CreateContactTest@215be6bb]" name="loginToApplication" is-config="true" duration-ms="21600" started-at="2022-04-12T08:01:53Z" finished-at="2022-04-12T08:02:15Z">
          <reporter-output>
          </reporter-output>
        </test-method> <!-- loginToApplication -->
        <test-method status="PASS" signature="createContactTest()[pri:0, instance:com.crm.contacts.CreateContactTest@215be6bb]" name="createContactTest" duration-ms="125005" started-at="2022-04-12T08:02:15Z" finished-at="2022-04-12T08:04:20Z">
          <reporter-output>
          </reporter-output>
        </test-method> <!-- createContactTest -->
        <test-method status="PASS" signature="logoutFromApplication()[pri:0, instance:com.crm.contacts.CreateContactTest@215be6bb]" name="logoutFromApplication" is-config="true" duration-ms="9281" started-at="2022-04-12T08:04:20Z" finished-at="2022-04-12T08:04:29Z">
          <reporter-output>
          </reporter-output>
        </test-method> <!-- logoutFromApplication -->
        <test-method status="PASS" signature="closeBrowser()[pri:0, instance:com.crm.contacts.CreateContactTest@215be6bb]" name="closeBrowser" is-config="true" duration-ms="20012" started-at="2022-04-12T08:04:29Z" finished-at="2022-04-12T08:04:49Z">
          <reporter-output>
          </reporter-output>
        </test-method> <!-- closeBrowser -->
        <test-method status="PASS" signature="CloseDBConnection()[pri:0, instance:com.crm.contacts.CreateContactTest@215be6bb]" name="CloseDBConnection" is-config="true" duration-ms="2503" started-at="2022-04-12T08:08:24Z" finished-at="2022-04-12T08:08:26Z">
          <reporter-output>
          </reporter-output>
        </test-method> <!-- CloseDBConnection -->
        <test-method status="PASS" signature="sushmitaTest()[pri:0, instance:com.crm.practice.PracticeTest@4439f31e]" name="sushmitaTest" is-config="true" duration-ms="1" started-at="2022-04-12T08:08:26Z" finished-at="2022-04-12T08:08:26Z">
          <reporter-output>
            <line>
              <![CDATA[testyantra]]>
            </line>
          </reporter-output>
        </test-method> <!-- sushmitaTest -->
      </class> <!-- com.crm.contacts.CreateContactTest -->
      <class name="com.crm.organization.CreateOrganizationTest">
        <test-method status="PASS" signature="launchBrowser()[pri:0, instance:com.crm.organization.CreateOrganizationTest@5d5eef3d]" name="launchBrowser" is-config="true" duration-ms="13301" started-at="2022-04-12T08:07:15Z" finished-at="2022-04-12T08:07:28Z">
          <reporter-output>
          </reporter-output>
        </test-method> <!-- launchBrowser -->
        <test-method status="PASS" signature="loginToApplication()[pri:0, instance:com.crm.organization.CreateOrganizationTest@5d5eef3d]" name="loginToApplication" is-config="true" duration-ms="7300" started-at="2022-04-12T08:07:28Z" finished-at="2022-04-12T08:07:36Z">
          <reporter-output>
          </reporter-output>
        </test-method> <!-- loginToApplication -->
        <test-method status="PASS" signature="createOrganizationTest()[pri:0, instance:com.crm.organization.CreateOrganizationTest@5d5eef3d]" name="createOrganizationTest" duration-ms="34016" started-at="2022-04-12T08:07:36Z" finished-at="2022-04-12T08:08:10Z">
          <reporter-output>
            <line>
              <![CDATA[Organization created Successfully]]>
            </line>
          </reporter-output>
        </test-method> <!-- createOrganizationTest -->
        <test-method status="PASS" signature="logoutFromApplication()[pri:0, instance:com.crm.organization.CreateOrganizationTest@5d5eef3d]" name="logoutFromApplication" is-config="true" duration-ms="3216" started-at="2022-04-12T08:08:10Z" finished-at="2022-04-12T08:08:13Z">
          <reporter-output>
          </reporter-output>
        </test-method> <!-- logoutFromApplication -->
        <test-method status="PASS" signature="closeBrowser()[pri:0, instance:com.crm.organization.CreateOrganizationTest@5d5eef3d]" name="closeBrowser" is-config="true" duration-ms="5739" started-at="2022-04-12T08:08:13Z" finished-at="2022-04-12T08:08:19Z">
          <reporter-output>
          </reporter-output>
        </test-method> <!-- closeBrowser -->
      </class> <!-- com.crm.organization.CreateOrganizationTest -->
      <class name="com.crm.lead.CreateLeadTest">
        <test-method status="PASS" signature="launchBrowser()[pri:0, instance:com.crm.lead.CreateLeadTest@5dfcfece]" name="launchBrowser" is-config="true" duration-ms="16102" started-at="2022-04-12T08:04:49Z" finished-at="2022-04-12T08:05:05Z">
          <reporter-output>
          </reporter-output>
        </test-method> <!-- launchBrowser -->
        <test-method status="PASS" signature="loginToApplication()[pri:0, instance:com.crm.lead.CreateLeadTest@5dfcfece]" name="loginToApplication" is-config="true" duration-ms="14350" started-at="2022-04-12T08:05:05Z" finished-at="2022-04-12T08:05:20Z">
          <reporter-output>
          </reporter-output>
        </test-method> <!-- loginToApplication -->
        <test-method status="PASS" signature="createLeadTest()[pri:0, instance:com.crm.lead.CreateLeadTest@5dfcfece]" name="createLeadTest" duration-ms="38664" started-at="2022-04-12T08:05:20Z" finished-at="2022-04-12T08:05:58Z">
          <reporter-output>
          </reporter-output>
        </test-method> <!-- createLeadTest -->
        <test-method status="PASS" signature="logoutFromApplication()[pri:0, instance:com.crm.lead.CreateLeadTest@5dfcfece]" name="logoutFromApplication" is-config="true" duration-ms="5126" started-at="2022-04-12T08:05:58Z" finished-at="2022-04-12T08:06:03Z">
          <reporter-output>
          </reporter-output>
        </test-method> <!-- logoutFromApplication -->
        <test-method status="PASS" signature="closeBrowser()[pri:0, instance:com.crm.lead.CreateLeadTest@5dfcfece]" name="closeBrowser" is-config="true" duration-ms="2994" started-at="2022-04-12T08:06:03Z" finished-at="2022-04-12T08:06:06Z">
          <reporter-output>
          </reporter-output>
        </test-method> <!-- closeBrowser -->
      </class> <!-- com.crm.lead.CreateLeadTest -->
      <class name="com.crm.practice.PracticeTest">
        <test-method status="PASS" signature="deekshaTest()[pri:0, instance:com.crm.practice.PracticeTest@4439f31e]" name="deekshaTest" duration-ms="1" started-at="2022-04-12T08:06:06Z" finished-at="2022-04-12T08:06:06Z">
          <reporter-output>
            <line>
              <![CDATA[Bye]]>
            </line>
          </reporter-output>
        </test-method> <!-- deekshaTest -->
        <test-method status="PASS" signature="rakshaTest()[pri:0, instance:com.crm.practice.PracticeTest@4439f31e]" name="rakshaTest" duration-ms="1" started-at="2022-04-12T08:06:06Z" finished-at="2022-04-12T08:06:06Z">
          <reporter-output>
            <line>
              <![CDATA[Hi]]>
            </line>
          </reporter-output>
        </test-method> <!-- rakshaTest -->
      </class> <!-- com.crm.practice.PracticeTest -->
      <class name="com.crm.opportunity.CreateOpportunityTest">
        <test-method status="PASS" signature="launchBrowser()[pri:0, instance:com.crm.opportunity.CreateOpportunityTest@23ceabc1]" name="launchBrowser" is-config="true" duration-ms="16769" started-at="2022-04-12T08:06:06Z" finished-at="2022-04-12T08:06:23Z">
          <reporter-output>
          </reporter-output>
        </test-method> <!-- launchBrowser -->
        <test-method status="PASS" signature="loginToApplication()[pri:0, instance:com.crm.opportunity.CreateOpportunityTest@23ceabc1]" name="loginToApplication" is-config="true" duration-ms="13286" started-at="2022-04-12T08:06:23Z" finished-at="2022-04-12T08:06:36Z">
          <reporter-output>
          </reporter-output>
        </test-method> <!-- loginToApplication -->
        <test-method status="FAIL" signature="createOpportunityTest()[pri:0, instance:com.crm.opportunity.CreateOpportunityTest@23ceabc1]" name="createOpportunityTest" duration-ms="28603" started-at="2022-04-12T08:06:36Z" finished-at="2022-04-12T08:07:05Z">
          <exception class="java.lang.IllegalArgumentException">
            <message>
              <![CDATA[Keys to send should be a not null CharSequence]]>
            </message>
            <full-stacktrace>
              <![CDATA[java.lang.IllegalArgumentException: Keys to send should be a not null CharSequence
at org.openqa.selenium.remote.RemoteWebElement.sendKeys(RemoteWebElement.java:97)
at sun.reflect.NativeMethodAccessorImpl.invoke0(Native Method)
at sun.reflect.NativeMethodAccessorImpl.invoke(NativeMethodAccessorImpl.java:62)
at sun.reflect.DelegatingMethodAccessorImpl.invoke(DelegatingMethodAccessorImpl.java:43)
at java.lang.reflect.Method.invoke(Method.java:498)
at org.openqa.selenium.support.pagefactory.internal.LocatingElementHandler.invoke(LocatingElementHandler.java:51)
at com.sun.proxy.$Proxy12.sendKeys(Unknown Source)
at com.crm.objectRepository.CreatingNewOpportunityPage.enteroppname(CreatingNewOpportunityPage.java:52)
at com.crm.opportunity.CreateOpportunityTest.createOpportunityTest(CreateOpportunityTest.java:36)
at sun.reflect.NativeMethodAccessorImpl.invoke0(Native Method)
at sun.reflect.NativeMethodAccessorImpl.invoke(NativeMethodAccessorImpl.java:62)
at sun.reflect.DelegatingMethodAccessorImpl.invoke(DelegatingMethodAccessorImpl.java:43)
at java.lang.reflect.Method.invoke(Method.java:498)
at org.testng.internal.MethodInvocationHelper.invokeMethod(MethodInvocationHelper.java:124)
at org.testng.internal.Invoker.invokeMethod(Invoker.java:583)
at org.testng.internal.Invoker.invokeTestMethod(Invoker.java:719)
at org.testng.internal.Invoker.invokeTestMethods(Invoker.java:989)
at org.testng.internal.TestMethodWorker.invokeTestMethods(TestMethodWorker.java:125)
at org.testng.internal.TestMethodWorker.run(TestMethodWorker.java:109)
at org.testng.TestRunner.privateRun(TestRunner.java:648)
at org.testng.TestRunner.run(TestRunner.java:505)
at org.testng.SuiteRunner.runTest(SuiteRunner.java:455)
at org.testng.SuiteRunner.runSequentially(SuiteRunner.java:450)
at org.testng.SuiteRunner.privateRun(SuiteRunner.java:415)
at org.testng.SuiteRunner.run(SuiteRunner.java:364)
at org.testng.SuiteRunnerWorker.runSuite(SuiteRunnerWorker.java:52)
at org.testng.SuiteRunnerWorker.run(SuiteRunnerWorker.java:84)
at org.testng.TestNG.runSuitesSequentially(TestNG.java:1208)
at org.testng.TestNG.runSuitesLocally(TestNG.java:1137)
at org.testng.TestNG.runSuites(TestNG.java:1049)
at org.testng.TestNG.run(TestNG.java:1017)
at org.apache.maven.surefire.testng.TestNGExecutor.run(TestNGExecutor.java:77)
at org.apache.maven.surefire.testng.TestNGDirectoryTestSuite.executeMulti(TestNGDirectoryTestSuite.java:159)
at org.apache.maven.surefire.testng.TestNGDirectoryTestSuite.execute(TestNGDirectoryTestSuite.java:99)
at org.apache.maven.surefire.testng.TestNGProvider.invoke(TestNGProvider.java:106)
at sun.reflect.NativeMethodAccessorImpl.invoke0(Native Method)
at sun.reflect.NativeMethodAccessorImpl.invoke(NativeMethodAccessorImpl.java:62)
at sun.reflect.DelegatingMethodAccessorImpl.invoke(DelegatingMethodAccessorImpl.java:43)
at java.lang.reflect.Method.invoke(Method.java:498)
at org.apache.maven.surefire.util.ReflectionUtils.invokeMethodWithArray(ReflectionUtils.java:189)
at org.apache.maven.surefire.booter.ProviderFactory$ProviderProxy.invoke(ProviderFactory.java:165)
at org.apache.maven.surefire.booter.ProviderFactory.invokeProvider(ProviderFactory.java:85)
at org.apache.maven.surefire.booter.ForkedBooter.runSuitesInProcess(ForkedBooter.java:115)
at org.apache.maven.surefire.booter.ForkedBooter.main(ForkedBooter.java:75)
]]>
            </full-stacktrace>
          </exception> <!-- java.lang.IllegalArgumentException -->
          <reporter-output>
          </reporter-output>
        </test-method> <!-- createOpportunityTest -->
        <test-method status="PASS" signature="logoutFromApplication()[pri:0, instance:com.crm.opportunity.CreateOpportunityTest@23ceabc1]" name="logoutFromApplication" is-config="true" duration-ms="2044" started-at="2022-04-12T08:07:09Z" finished-at="2022-04-12T08:07:11Z">
          <reporter-output>
          </reporter-output>
        </test-method> <!-- logoutFromApplication -->
        <test-method status="PASS" signature="closeBrowser()[pri:0, instance:com.crm.opportunity.CreateOpportunityTest@23ceabc1]" name="closeBrowser" is-config="true" duration-ms="3681" started-at="2022-04-12T08:07:11Z" finished-at="2022-04-12T08:07:15Z">
          <reporter-output>
          </reporter-output>
        </test-method> <!-- closeBrowser -->
      </class> <!-- com.crm.opportunity.CreateOpportunityTest -->
    </test> <!-- Command line test -->
  </suite> <!-- Command line suite -->
</testng-results>
