<?xml version="1.0" encoding="UTF-8" ?>
<testsuite tests="6" failures="1" name="TestSuite" time="230.342" errors="0" skipped="0">
  <properties>
[...]
</properties>
  <testcase classname="com.crm.contacts.CreateContactTest" name="createContactTest" time="124.835"/>
  <testcase classname="com.crm.lead.CreateLeadTest" name="createLeadTest" time="38.663"/>
  <testcase classname="com.crm.practice.PracticeTest" name="deekshaTest" time="0.001"/>
  <testcase classname="com.crm.practice.PracticeTest" name="rakshaTest" time="0.001"/>
  <testcase classname="com.crm.opportunity.CreateOpportunityTest" name="createOpportunityTest" time="32.826">
    <failure message="Keys to send should be a not null CharSequence" type="java.lang.IllegalArgumentException">java.lang.IllegalArgumentException: Keys to send should be a not null CharSequence
	at org.openqa.selenium.remote.RemoteWebElement.sendKeys(RemoteWebElement.java:97)
	at sun.reflect.NativeMethodAccessorImpl.invoke0(Native Method)
	at sun.reflect.NativeMethodAccessorImpl.invoke(NativeMethodAccessorImpl.java:62)
	at sun.reflect.DelegatingMethodAccessorImpl.invoke(DelegatingMethodAccessorImpl.java:43)
	at java.lang.reflect.Method.invoke(Method.java:498)
	at org.openqa.selenium.support.pagefactory.internal.LocatingElementHandler.invoke(LocatingElementHandler.java:51)
	at com.sun.proxy.$Proxy12.sendKeys(Unknown Source)
	at com.crm.objectRepository.CreatingNewOpportunityPage.enteroppname(CreatingNewOpportunityPage.java:52)
	at com.crm.opportunity.CreateOpportunityTest.createOpportunityTest(CreateOpportunityTest.java:36)
</failure>
    <system-err>Starting ChromeDriver 100.0.4896.60 (6a5d10861ce8de5fce22564658033b43cb7de047-refs/branch-heads/4896@{#875}) on port 38831
Only local connections are allowed.
Please see https://chromedriver.chromium.org/security-considerations for suggestions on keeping ChromeDriver safe.
ChromeDriver was started successfully.
Apr 12, 2022 1:06:15 AM org.openqa.selenium.remote.ProtocolHandshake createSession
INFO: Detected dialect: W3C
</system-err>
  </testcase>
  <testcase classname="com.crm.organization.CreateOrganizationTest" name="createOrganizationTest" time="34.016"/>
</testsuite>