<?xml version="1.0" encoding="UTF-8"?>
<testng-results ignored="0" total="2" passed="2" failed="0" skipped="0">
  <reporter-output>
  </reporter-output>
  <suite started-at="2022-05-29T19:44:50 IST" name="Default suite" finished-at="2022-05-29T19:44:50 IST" duration-ms="88">
    <groups>
    </groups>
    <test started-at="2022-05-29T19:44:50 IST" name="Default test" finished-at="2022-05-29T19:44:50 IST" duration-ms="88">
      <class name="ParallelExecution3">
        <test-method signature="test3()[pri:0, instance:ParallelExecution3@4a7f959b]" started-at="2022-05-29T19:44:50 IST" name="test3" finished-at="2022-05-29T19:44:50 IST" duration-ms="15" status="PASS">
          <reporter-output>
          </reporter-output>
        </test-method> <!-- test3 -->
        <test-method signature="test31()[pri:0, instance:ParallelExecution3@4a7f959b]" started-at="2022-05-29T19:44:50 IST" name="test31" finished-at="2022-05-29T19:44:50 IST" duration-ms="3" status="PASS">
          <reporter-output>
          </reporter-output>
        </test-method> <!-- test31 -->
      </class> <!-- ParallelExecution3 -->
    </test> <!-- Default test -->
  </suite> <!-- Default suite -->
</testng-results>
